{"name": "# 002 Password must be at least 6 characters long with at least one number and at least one special character", "status": "broken", "statusDetails": {"message": "selenium.common.exceptions.NoSuchWindowException: Message: no such window: target window already closed\nfrom unknown error: web view not found\n  (Session info: chrome=93.0.4577.63)\n\n", "trace": "  File \"c:\\users\\rapid\\appdata\\local\\programs\\python\\python39\\lib\\site-packages\\behave\\model.py\", line 1329, in run\n    match.run(runner.context)\n  File \"c:\\users\\rapid\\appdata\\local\\programs\\python\\python39\\lib\\site-packages\\behave\\matchers.py\", line 98, in run\n    self.func(context, *args, **kwargs)\n  File \"features\\steps\\FIRSTNAME_LASTNAME_MG.py\", line 9, in fll_evrthg_bf_pswd\n    context.app.main_page.fll_evrthg_bf_pswd()\n  File \"C:\\Everything\\IT\\Testing\\Automation_08_09_2019\\moneygaming\\pages\\main_page.py\", line 94, in fll_evrthg_bf_pswd\n    wait.until(EC.element_to_be_clickable(JN_NW)).click()\n  File \"c:\\users\\rapid\\appdata\\local\\programs\\python\\python39\\lib\\site-packages\\selenium\\webdriver\\support\\wait.py\", line 71, in until\n    value = method(self._driver)\n  File \"c:\\users\\rapid\\appdata\\local\\programs\\python\\python39\\lib\\site-packages\\selenium\\webdriver\\support\\expected_conditions.py\", line 297, in __call__\n    element = visibility_of_element_located(self.locator)(driver)\n  File \"c:\\users\\rapid\\appdata\\local\\programs\\python\\python39\\lib\\site-packages\\selenium\\webdriver\\support\\expected_conditions.py\", line 128, in __call__\n    return _element_if_visible(_find_element(driver, self.locator))\n  File \"c:\\users\\rapid\\appdata\\local\\programs\\python\\python39\\lib\\site-packages\\selenium\\webdriver\\support\\expected_conditions.py\", line 415, in _find_element\n    raise e\n  File \"c:\\users\\rapid\\appdata\\local\\programs\\python\\python39\\lib\\site-packages\\selenium\\webdriver\\support\\expected_conditions.py\", line 411, in _find_element\n    return driver.find_element(*by)\n  File \"c:\\users\\rapid\\appdata\\local\\programs\\python\\python39\\lib\\site-packages\\selenium\\webdriver\\remote\\webdriver.py\", line 976, in find_element\n    return self.execute(Command.FIND_ELEMENT, {\n  File \"c:\\users\\rapid\\appdata\\local\\programs\\python\\python39\\lib\\site-packages\\selenium\\webdriver\\remote\\webdriver.py\", line 321, in execute\n    self.error_handler.check_response(response)\n  File \"c:\\users\\rapid\\appdata\\local\\programs\\python\\python39\\lib\\site-packages\\selenium\\webdriver\\remote\\errorhandler.py\", line 242, in check_response\n    raise exception_class(message, screen, stacktrace)\n"}, "steps": [{"name": "Given Loginpage", "status": "passed", "start": 1631589468831, "stop": 1631589470195}, {"name": "Then Fill all fields and choose options before entering password", "status": "broken", "statusDetails": {"message": "selenium.common.exceptions.NoSuchWindowException: Message: no such window: target window already closed\nfrom unknown error: web view not found\n  (Session info: chrome=93.0.4577.63)\n\n", "trace": "  File \"c:\\users\\rapid\\appdata\\local\\programs\\python\\python39\\lib\\site-packages\\behave\\model.py\", line 1329, in run\n    match.run(runner.context)\n  File \"c:\\users\\rapid\\appdata\\local\\programs\\python\\python39\\lib\\site-packages\\behave\\matchers.py\", line 98, in run\n    self.func(context, *args, **kwargs)\n  File \"features\\steps\\FIRSTNAME_LASTNAME_MG.py\", line 9, in fll_evrthg_bf_pswd\n    context.app.main_page.fll_evrthg_bf_pswd()\n  File \"C:\\Everything\\IT\\Testing\\Automation_08_09_2019\\moneygaming\\pages\\main_page.py\", line 94, in fll_evrthg_bf_pswd\n    wait.until(EC.element_to_be_clickable(JN_NW)).click()\n  File \"c:\\users\\rapid\\appdata\\local\\programs\\python\\python39\\lib\\site-packages\\selenium\\webdriver\\support\\wait.py\", line 71, in until\n    value = method(self._driver)\n  File \"c:\\users\\rapid\\appdata\\local\\programs\\python\\python39\\lib\\site-packages\\selenium\\webdriver\\support\\expected_conditions.py\", line 297, in __call__\n    element = visibility_of_element_located(self.locator)(driver)\n  File \"c:\\users\\rapid\\appdata\\local\\programs\\python\\python39\\lib\\site-packages\\selenium\\webdriver\\support\\expected_conditions.py\", line 128, in __call__\n    return _element_if_visible(_find_element(driver, self.locator))\n  File \"c:\\users\\rapid\\appdata\\local\\programs\\python\\python39\\lib\\site-packages\\selenium\\webdriver\\support\\expected_conditions.py\", line 415, in _find_element\n    raise e\n  File \"c:\\users\\rapid\\appdata\\local\\programs\\python\\python39\\lib\\site-packages\\selenium\\webdriver\\support\\expected_conditions.py\", line 411, in _find_element\n    return driver.find_element(*by)\n  File \"c:\\users\\rapid\\appdata\\local\\programs\\python\\python39\\lib\\site-packages\\selenium\\webdriver\\remote\\webdriver.py\", line 976, in find_element\n    return self.execute(Command.FIND_ELEMENT, {\n  File \"c:\\users\\rapid\\appdata\\local\\programs\\python\\python39\\lib\\site-packages\\selenium\\webdriver\\remote\\webdriver.py\", line 321, in execute\n    self.error_handler.check_response(response)\n  File \"c:\\users\\rapid\\appdata\\local\\programs\\python\\python39\\lib\\site-packages\\selenium\\webdriver\\remote\\errorhandler.py\", line 242, in check_response\n    raise exception_class(message, screen, stacktrace)\n"}, "start": 1631589470195, "stop": 1631589470204}, {"name": "And Send password one1Two@ verify it is at least 6 chars length, has [1234567890] and [!@#$%^&*()_]", "status": "skipped", "start": 1631589470213, "stop": 1631589470213}, {"name": "Then Resend password one1Two@ verify it is at least 6 chars length, has [1234567890] and [!@#$%^&*()_]", "status": "skipped", "start": 1631589470213, "stop": 1631589470213}], "start": 1631589464808, "stop": 1631589470213, "uuid": "9124d366-376a-45d6-beae-c21d87fc0c87", "historyId": "6d387e178edb78d1bf948d68c061081c", "fullName": "# 002 Password must be at least 6 characters long with at least one number and at least one special character: # 002 Password must be at least 6 characters long with at least one number and at least one special character", "labels": [{"name": "severity", "value": "normal"}, {"name": "feature", "value": "# 002 Password must be at least 6 characters long with at least one number and at least one special character"}, {"name": "framework", "value": "behave"}, {"name": "language", "value": "cpython3"}]}