{"name": "# Verify text \"This field is required\" is here", "status": "broken", "statusDetails": {"message": "selenium.common.exceptions.NoSuchWindowException: Message: no such window: target window already closed\nfrom unknown error: web view not found\n  (Session info: chrome=93.0.4577.63)\n\n", "trace": "  File \"c:\\users\\rapid\\appdata\\local\\programs\\python\\python39\\lib\\site-packages\\behave\\model.py\", line 1329, in run\n    match.run(runner.context)\n  File \"c:\\users\\rapid\\appdata\\local\\programs\\python\\python39\\lib\\site-packages\\behave\\matchers.py\", line 98, in run\n    self.func(context, *args, **kwargs)\n  File \"features\\steps\\001_join_now.py\", line 16, in clck_jn_nw_btn\n    context.app.main_page.clck_jn_nw_btn()\n  File \"C:\\Everything\\IT\\Testing\\Automation_08_09_2019\\moneygaming\\pages\\main_page.py\", line 49, in clck_jn_nw_btn\n    wait.until(EC.element_to_be_clickable(JN_NW)).click()\n  File \"c:\\users\\rapid\\appdata\\local\\programs\\python\\python39\\lib\\site-packages\\selenium\\webdriver\\support\\wait.py\", line 71, in until\n    value = method(self._driver)\n  File \"c:\\users\\rapid\\appdata\\local\\programs\\python\\python39\\lib\\site-packages\\selenium\\webdriver\\support\\expected_conditions.py\", line 297, in __call__\n    element = visibility_of_element_located(self.locator)(driver)\n  File \"c:\\users\\rapid\\appdata\\local\\programs\\python\\python39\\lib\\site-packages\\selenium\\webdriver\\support\\expected_conditions.py\", line 128, in __call__\n    return _element_if_visible(_find_element(driver, self.locator))\n  File \"c:\\users\\rapid\\appdata\\local\\programs\\python\\python39\\lib\\site-packages\\selenium\\webdriver\\support\\expected_conditions.py\", line 415, in _find_element\n    raise e\n  File \"c:\\users\\rapid\\appdata\\local\\programs\\python\\python39\\lib\\site-packages\\selenium\\webdriver\\support\\expected_conditions.py\", line 411, in _find_element\n    return driver.find_element(*by)\n  File \"c:\\users\\rapid\\appdata\\local\\programs\\python\\python39\\lib\\site-packages\\selenium\\webdriver\\remote\\webdriver.py\", line 976, in find_element\n    return self.execute(Command.FIND_ELEMENT, {\n  File \"c:\\users\\rapid\\appdata\\local\\programs\\python\\python39\\lib\\site-packages\\selenium\\webdriver\\remote\\webdriver.py\", line 321, in execute\n    self.error_handler.check_response(response)\n  File \"c:\\users\\rapid\\appdata\\local\\programs\\python\\python39\\lib\\site-packages\\selenium\\webdriver\\remote\\errorhandler.py\", line 242, in check_response\n    raise exception_class(message, screen, stacktrace)\n"}, "steps": [{"name": "Given Loginpage", "status": "passed", "start": 1631589451212, "stop": 1631589464779}, {"name": "Then Click on Join Now button", "status": "broken", "statusDetails": {"message": "selenium.common.exceptions.NoSuchWindowException: Message: no such window: target window already closed\nfrom unknown error: web view not found\n  (Session info: chrome=93.0.4577.63)\n\n", "trace": "  File \"c:\\users\\rapid\\appdata\\local\\programs\\python\\python39\\lib\\site-packages\\behave\\model.py\", line 1329, in run\n    match.run(runner.context)\n  File \"c:\\users\\rapid\\appdata\\local\\programs\\python\\python39\\lib\\site-packages\\behave\\matchers.py\", line 98, in run\n    self.func(context, *args, **kwargs)\n  File \"features\\steps\\001_join_now.py\", line 16, in clck_jn_nw_btn\n    context.app.main_page.clck_jn_nw_btn()\n  File \"C:\\Everything\\IT\\Testing\\Automation_08_09_2019\\moneygaming\\pages\\main_page.py\", line 49, in clck_jn_nw_btn\n    wait.until(EC.element_to_be_clickable(JN_NW)).click()\n  File \"c:\\users\\rapid\\appdata\\local\\programs\\python\\python39\\lib\\site-packages\\selenium\\webdriver\\support\\wait.py\", line 71, in until\n    value = method(self._driver)\n  File \"c:\\users\\rapid\\appdata\\local\\programs\\python\\python39\\lib\\site-packages\\selenium\\webdriver\\support\\expected_conditions.py\", line 297, in __call__\n    element = visibility_of_element_located(self.locator)(driver)\n  File \"c:\\users\\rapid\\appdata\\local\\programs\\python\\python39\\lib\\site-packages\\selenium\\webdriver\\support\\expected_conditions.py\", line 128, in __call__\n    return _element_if_visible(_find_element(driver, self.locator))\n  File \"c:\\users\\rapid\\appdata\\local\\programs\\python\\python39\\lib\\site-packages\\selenium\\webdriver\\support\\expected_conditions.py\", line 415, in _find_element\n    raise e\n  File \"c:\\users\\rapid\\appdata\\local\\programs\\python\\python39\\lib\\site-packages\\selenium\\webdriver\\support\\expected_conditions.py\", line 411, in _find_element\n    return driver.find_element(*by)\n  File \"c:\\users\\rapid\\appdata\\local\\programs\\python\\python39\\lib\\site-packages\\selenium\\webdriver\\remote\\webdriver.py\", line 976, in find_element\n    return self.execute(Command.FIND_ELEMENT, {\n  File \"c:\\users\\rapid\\appdata\\local\\programs\\python\\python39\\lib\\site-packages\\selenium\\webdriver\\remote\\webdriver.py\", line 321, in execute\n    self.error_handler.check_response(response)\n  File \"c:\\users\\rapid\\appdata\\local\\programs\\python\\python39\\lib\\site-packages\\selenium\\webdriver\\remote\\errorhandler.py\", line 242, in check_response\n    raise exception_class(message, screen, stacktrace)\n"}, "start": 1631589464780, "stop": 1631589464800}, {"name": "Then Select a title in the dropdown 'Mr'", "status": "skipped", "start": 1631589464805, "stop": 1631589464805}, {"name": "And Fill the First Name field 'firstName'", "status": "skipped", "start": 1631589464805, "stop": 1631589464805}, {"name": "And Fill the Surnme field 'surName'", "status": "skipped", "start": 1631589464805, "stop": 1631589464805}, {"name": "Then Click Join Now button", "status": "skipped", "start": 1631589464805, "stop": 1631589464805}, {"name": "And Verify text 'This field is required' is here", "status": "skipped", "start": 1631589464805, "stop": 1631589464805}], "start": 1631589448258, "stop": 1631589464805, "uuid": "bb81027c-1d76-4153-8d86-f314ee6bb1b0", "historyId": "9c6763cde9387ce3d075eae59f21d84b", "fullName": "# Verify text \"This field is required\" is here: # Verify text \"This field is required\" is here", "labels": [{"name": "severity", "value": "normal"}, {"name": "feature", "value": "# Verify text \"This field is required\" is here"}, {"name": "framework", "value": "behave"}, {"name": "language", "value": "cpython3"}]}